17-05-2022 16:41:17 ERROR: uncaughtException: listen EADDRINUSE: address already in use :::7000
Error: listen EADDRINUSE: address already in use :::7000
    at Server.setupListenHandle [as _listen2] (net.js:1331:16)
    at listenInCluster (net.js:1379:12)
    at Server.listen (net.js:1465:7)
    at Function.listen (/media/aayushi/DATA3/Projects/2022-project/ul-lms-api/node_modules/express/lib/application.js:635:24)
    at Object.<anonymous> (/media/aayushi/DATA3/Projects/2022-project/ul-lms-api/index.js:15:22)
    at Module._compile (internal/modules/cjs/loader.js:1085:14)
    at Object.Module._extensions..js (internal/modules/cjs/loader.js:1114:10)
    at Module.load (internal/modules/cjs/loader.js:950:32)
    at Function.Module._load (internal/modules/cjs/loader.js:790:12)
    at Function.executeUserEntryPoint [as runMain] (internal/modules/run_main.js:76:12)
    at internal/main/run_main_module.js:17:47
17-05-2022 17:37:6 ERROR: uncaughtException: Schema hasn't been registered for model "Brand".
Use mongoose.model(name, schema)
MissingSchemaError: Schema hasn't been registered for model "Brand".
Use mongoose.model(name, schema)
    at new MissingSchemaError (/media/aayushi/DATA3/Projects/2022-project/ul-lms-api/node_modules/mongoose/lib/error/missingSchema.js:20:11)
    at Mongoose.model (/media/aayushi/DATA3/Projects/2022-project/ul-lms-api/node_modules/mongoose/lib/index.js:391:13)
    at Object.<anonymous> (/media/aayushi/DATA3/Projects/2022-project/ul-lms-api/server/resources/brands/brands.controller.js:8:25)
    at Module._compile (internal/modules/cjs/loader.js:1085:14)
    at Object.Module._extensions..js (internal/modules/cjs/loader.js:1114:10)
    at Module.load (internal/modules/cjs/loader.js:950:32)
    at Function.Module._load (internal/modules/cjs/loader.js:790:12)
    at Module.require (internal/modules/cjs/loader.js:974:19)
    at require (internal/modules/cjs/helpers.js:93:18)
    at Object.<anonymous> (/media/aayushi/DATA3/Projects/2022-project/ul-lms-api/server/resources/routes.js:8:26)
    at Module._compile (internal/modules/cjs/loader.js:1085:14)
    at Object.Module._extensions..js (internal/modules/cjs/loader.js:1114:10)
    at Module.load (internal/modules/cjs/loader.js:950:32)
    at Function.Module._load (internal/modules/cjs/loader.js:790:12)
    at Module.require (internal/modules/cjs/loader.js:974:19)
    at require (internal/modules/cjs/helpers.js:93:18)
17-05-2022 18:12:20 ERROR: uncaughtException: Schema hasn't been registered for model "Brand".
Use mongoose.model(name, schema)
MissingSchemaError: Schema hasn't been registered for model "Brand".
Use mongoose.model(name, schema)
    at new MissingSchemaError (/media/aayushi/DATA3/Projects/2022-project/ul-lms-api/node_modules/mongoose/lib/error/missingSchema.js:20:11)
    at Mongoose.model (/media/aayushi/DATA3/Projects/2022-project/ul-lms-api/node_modules/mongoose/lib/index.js:391:13)
    at Object.<anonymous> (/media/aayushi/DATA3/Projects/2022-project/ul-lms-api/server/resources/mix.controller.js:22:24)
    at Module._compile (internal/modules/cjs/loader.js:1085:14)
    at Object.Module._extensions..js (internal/modules/cjs/loader.js:1114:10)
    at Module.load (internal/modules/cjs/loader.js:950:32)
    at Function.Module._load (internal/modules/cjs/loader.js:790:12)
    at Module.require (internal/modules/cjs/loader.js:974:19)
    at require (internal/modules/cjs/helpers.js:93:18)
    at Object.<anonymous> (/media/aayushi/DATA3/Projects/2022-project/ul-lms-api/server/resources/routes.js:9:23)
    at Module._compile (internal/modules/cjs/loader.js:1085:14)
    at Object.Module._extensions..js (internal/modules/cjs/loader.js:1114:10)
    at Module.load (internal/modules/cjs/loader.js:950:32)
    at Function.Module._load (internal/modules/cjs/loader.js:790:12)
    at Module.require (internal/modules/cjs/loader.js:974:19)
    at require (internal/modules/cjs/helpers.js:93:18)
17-05-2022 18:13:4 ERROR: uncaughtException: Schema hasn't been registered for model "Brand".
Use mongoose.model(name, schema)
MissingSchemaError: Schema hasn't been registered for model "Brand".
Use mongoose.model(name, schema)
    at new MissingSchemaError (/media/aayushi/DATA3/Projects/2022-project/ul-lms-api/node_modules/mongoose/lib/error/missingSchema.js:20:11)
    at Mongoose.model (/media/aayushi/DATA3/Projects/2022-project/ul-lms-api/node_modules/mongoose/lib/index.js:391:13)
    at Object.<anonymous> (/media/aayushi/DATA3/Projects/2022-project/ul-lms-api/server/resources/mix.controller.js:22:24)
    at Module._compile (internal/modules/cjs/loader.js:1085:14)
    at Object.Module._extensions..js (internal/modules/cjs/loader.js:1114:10)
    at Module.load (internal/modules/cjs/loader.js:950:32)
    at Function.Module._load (internal/modules/cjs/loader.js:790:12)
    at Module.require (internal/modules/cjs/loader.js:974:19)
    at require (internal/modules/cjs/helpers.js:93:18)
    at Object.<anonymous> (/media/aayushi/DATA3/Projects/2022-project/ul-lms-api/server/resources/routes.js:9:23)
    at Module._compile (internal/modules/cjs/loader.js:1085:14)
    at Object.Module._extensions..js (internal/modules/cjs/loader.js:1114:10)
    at Module.load (internal/modules/cjs/loader.js:950:32)
    at Function.Module._load (internal/modules/cjs/loader.js:790:12)
    at Module.require (internal/modules/cjs/loader.js:974:19)
    at require (internal/modules/cjs/helpers.js:93:18)
30-05-2022 17:39:55 ERROR: uncaughtException: Cannot read property 'bind' of undefined
TypeError: Cannot read property 'bind' of undefined
    at WebinarController.handleAsyncErrors (/media/aayushi/DATA3/Projects/2022-project/ul-lms-api/server/lib/base.controller.js:12:32)
    at WebinarController.registerRoutes (/media/aayushi/DATA3/Projects/2022-project/ul-lms-api/server/resources/webinar/webinar.controller.js:17:12)
    at new WebinarController (/media/aayushi/DATA3/Projects/2022-project/ul-lms-api/server/resources/webinar/webinar.controller.js:12:10)
    at exports.registerAPIRoutes (/media/aayushi/DATA3/Projects/2022-project/ul-lms-api/server/resources/routes.js:25:3)
    at module.exports (/media/aayushi/DATA3/Projects/2022-project/ul-lms-api/server/routes.js:6:3)
    at Object.<anonymous> (/media/aayushi/DATA3/Projects/2022-project/ul-lms-api/server/index.js:7:20)
    at Module._compile (internal/modules/cjs/loader.js:1085:14)
    at Object.Module._extensions..js (internal/modules/cjs/loader.js:1114:10)
    at Module.load (internal/modules/cjs/loader.js:950:32)
    at Function.Module._load (internal/modules/cjs/loader.js:790:12)
    at Module.require (internal/modules/cjs/loader.js:974:19)
    at require (internal/modules/cjs/helpers.js:93:18)
    at Object.<anonymous> (/media/aayushi/DATA3/Projects/2022-project/ul-lms-api/index.js:13:13)
    at Module._compile (internal/modules/cjs/loader.js:1085:14)
    at Object.Module._extensions..js (internal/modules/cjs/loader.js:1114:10)
    at Module.load (internal/modules/cjs/loader.js:950:32)
30-05-2022 17:39:58 ERROR: uncaughtException: Cannot read property 'bind' of undefined
TypeError: Cannot read property 'bind' of undefined
    at WebinarController.handleAsyncErrors (/media/aayushi/DATA3/Projects/2022-project/ul-lms-api/server/lib/base.controller.js:12:32)
    at WebinarController.registerRoutes (/media/aayushi/DATA3/Projects/2022-project/ul-lms-api/server/resources/webinar/webinar.controller.js:17:12)
    at new WebinarController (/media/aayushi/DATA3/Projects/2022-project/ul-lms-api/server/resources/webinar/webinar.controller.js:12:10)
    at exports.registerAPIRoutes (/media/aayushi/DATA3/Projects/2022-project/ul-lms-api/server/resources/routes.js:25:3)
    at module.exports (/media/aayushi/DATA3/Projects/2022-project/ul-lms-api/server/routes.js:6:3)
    at Object.<anonymous> (/media/aayushi/DATA3/Projects/2022-project/ul-lms-api/server/index.js:7:20)
    at Module._compile (internal/modules/cjs/loader.js:1085:14)
    at Object.Module._extensions..js (internal/modules/cjs/loader.js:1114:10)
    at Module.load (internal/modules/cjs/loader.js:950:32)
    at Function.Module._load (internal/modules/cjs/loader.js:790:12)
    at Module.require (internal/modules/cjs/loader.js:974:19)
    at require (internal/modules/cjs/helpers.js:93:18)
    at Object.<anonymous> (/media/aayushi/DATA3/Projects/2022-project/ul-lms-api/index.js:13:13)
    at Module._compile (internal/modules/cjs/loader.js:1085:14)
    at Object.Module._extensions..js (internal/modules/cjs/loader.js:1114:10)
    at Module.load (internal/modules/cjs/loader.js:950:32)
30-05-2022 17:40:46 ERROR: uncaughtException: Cannot read property 'bind' of undefined
TypeError: Cannot read property 'bind' of undefined
    at WebinarController.handleAsyncErrors (/media/aayushi/DATA3/Projects/2022-project/ul-lms-api/server/lib/base.controller.js:12:32)
    at WebinarController.registerRoutes (/media/aayushi/DATA3/Projects/2022-project/ul-lms-api/server/resources/webinar/webinar.controller.js:17:12)
    at new WebinarController (/media/aayushi/DATA3/Projects/2022-project/ul-lms-api/server/resources/webinar/webinar.controller.js:12:10)
    at exports.registerAPIRoutes (/media/aayushi/DATA3/Projects/2022-project/ul-lms-api/server/resources/routes.js:25:3)
    at module.exports (/media/aayushi/DATA3/Projects/2022-project/ul-lms-api/server/routes.js:6:3)
    at Object.<anonymous> (/media/aayushi/DATA3/Projects/2022-project/ul-lms-api/server/index.js:7:20)
    at Module._compile (internal/modules/cjs/loader.js:1085:14)
    at Object.Module._extensions..js (internal/modules/cjs/loader.js:1114:10)
    at Module.load (internal/modules/cjs/loader.js:950:32)
    at Function.Module._load (internal/modules/cjs/loader.js:790:12)
    at Module.require (internal/modules/cjs/loader.js:974:19)
    at require (internal/modules/cjs/helpers.js:93:18)
    at Object.<anonymous> (/media/aayushi/DATA3/Projects/2022-project/ul-lms-api/index.js:13:13)
    at Module._compile (internal/modules/cjs/loader.js:1085:14)
    at Object.Module._extensions..js (internal/modules/cjs/loader.js:1114:10)
    at Module.load (internal/modules/cjs/loader.js:950:32)
03-06-2022 00:39:50 ERROR: uncaughtException: failed to connect to server [undefined:27017] on first connect [Error: getaddrinfo ENOTFOUND undefined
    at GetAddrInfoReqWrap.onlookup [as oncomplete] (node:dns:71:26) {
  name: 'MongoError'
}]
MongoError: failed to connect to server [undefined:27017] on first connect [Error: getaddrinfo ENOTFOUND undefined
    at GetAddrInfoReqWrap.onlookup [as oncomplete] (node:dns:71:26) {
  name: 'MongoError'
}]
    at Pool.<anonymous> (C:\Users\AdminIT\Downloads\lms-api (1)\node_modules\mongodb-core\lib\topologies\server.js:336:35)
    at Pool.emit (node:events:527:28)
    at Pool.emit (node:domain:475:12)
    at Connection.<anonymous> (C:\Users\AdminIT\Downloads\lms-api (1)\node_modules\mongodb-core\lib\connection\pool.js:280:12)
    at Object.onceWrapper (node:events:642:26)
    at Connection.emit (node:events:527:28)
    at Connection.emit (node:domain:475:12)
    at Socket.<anonymous> (C:\Users\AdminIT\Downloads\lms-api (1)\node_modules\mongodb-core\lib\connection\connection.js:189:49)
    at Object.onceWrapper (node:events:642:26)
    at Socket.emit (node:events:527:28)
    at Socket.emit (node:domain:475:12)
    at emitErrorNT (node:internal/streams/destroy:157:8)
    at emitErrorCloseNT (node:internal/streams/destroy:122:3)
    at processTicksAndRejections (node:internal/process/task_queues:83:21)
03-06-2022 00:43:51 ERROR: uncaughtException: failed to connect to server [undefined:27017] on first connect [Error: getaddrinfo ENOTFOUND undefined
    at GetAddrInfoReqWrap.onlookup [as oncomplete] (node:dns:71:26) {
  name: 'MongoError'
}]
MongoError: failed to connect to server [undefined:27017] on first connect [Error: getaddrinfo ENOTFOUND undefined
    at GetAddrInfoReqWrap.onlookup [as oncomplete] (node:dns:71:26) {
  name: 'MongoError'
}]
    at Pool.<anonymous> (C:\Users\AdminIT\Downloads\lms-api (1)\node_modules\mongodb-core\lib\topologies\server.js:336:35)
    at Pool.emit (node:events:527:28)
    at Pool.emit (node:domain:475:12)
    at Connection.<anonymous> (C:\Users\AdminIT\Downloads\lms-api (1)\node_modules\mongodb-core\lib\connection\pool.js:280:12)
    at Object.onceWrapper (node:events:642:26)
    at Connection.emit (node:events:527:28)
    at Connection.emit (node:domain:475:12)
    at Socket.<anonymous> (C:\Users\AdminIT\Downloads\lms-api (1)\node_modules\mongodb-core\lib\connection\connection.js:189:49)
    at Object.onceWrapper (node:events:642:26)
    at Socket.emit (node:events:527:28)
    at Socket.emit (node:domain:475:12)
    at emitErrorNT (node:internal/streams/destroy:157:8)
    at emitErrorCloseNT (node:internal/streams/destroy:122:3)
    at processTicksAndRejections (node:internal/process/task_queues:83:21)
03-06-2022 02:35:22 ERROR: uncaughtException: Unexpected token '}'
C:\Users\AdminIT\Downloads\lms-api (1)\server\resources\routes.js:28
};
^

SyntaxError: Unexpected token '}'
    at Object.compileFunction (node:vm:352:18)
    at wrapSafe (node:internal/modules/cjs/loader:1033:15)
    at Module._compile (node:internal/modules/cjs/loader:1069:27)
    at Object.Module._extensions..js (node:internal/modules/cjs/loader:1159:10)
    at Module.load (node:internal/modules/cjs/loader:981:32)
    at Function.Module._load (node:internal/modules/cjs/loader:822:12)
    at Module.require (node:internal/modules/cjs/loader:1005:19)
    at require (node:internal/modules/cjs/helpers:102:18)
    at Object.<anonymous> (C:\Users\AdminIT\Downloads\lms-api (1)\server\routes.js:3:29)
    at Module._compile (node:internal/modules/cjs/loader:1105:14)
    at Object.Module._extensions..js (node:internal/modules/cjs/loader:1159:10)
    at Module.load (node:internal/modules/cjs/loader:981:32)
    at Function.Module._load (node:internal/modules/cjs/loader:822:12)
    at Module.require (node:internal/modules/cjs/loader:1005:19)
    at require (node:internal/modules/cjs/helpers:102:18)
    at Object.<anonymous> (C:\Users\AdminIT\Downloads\lms-api (1)\server\index.js:7:1)
03-06-2022 02:35:50 ERROR: uncaughtException: await is only valid in async functions and the top level bodies of modules
C:\Users\AdminIT\Downloads\lms-api (1)\server\resources\webinars\webinar.controller.js:36
        await post.save()
        ^^^^^

SyntaxError: await is only valid in async functions and the top level bodies of modules
    at Object.compileFunction (node:vm:352:18)
    at wrapSafe (node:internal/modules/cjs/loader:1033:15)
    at Module._compile (node:internal/modules/cjs/loader:1069:27)
    at Object.Module._extensions..js (node:internal/modules/cjs/loader:1159:10)
    at Module.load (node:internal/modules/cjs/loader:981:32)
    at Function.Module._load (node:internal/modules/cjs/loader:822:12)
    at Module.require (node:internal/modules/cjs/loader:1005:19)
    at require (node:internal/modules/cjs/helpers:102:18)
    at Object.<anonymous> (C:\Users\AdminIT\Downloads\lms-api (1)\server\resources\routes.js:12:27)
    at Module._compile (node:internal/modules/cjs/loader:1105:14)
    at Object.Module._extensions..js (node:internal/modules/cjs/loader:1159:10)
    at Module.load (node:internal/modules/cjs/loader:981:32)
    at Function.Module._load (node:internal/modules/cjs/loader:822:12)
    at Module.require (node:internal/modules/cjs/loader:1005:19)
    at require (node:internal/modules/cjs/helpers:102:18)
    at Object.<anonymous> (C:\Users\AdminIT\Downloads\lms-api (1)\server\routes.js:3:29)
03-06-2022 02:36:37 ERROR: uncaughtException: Cannot read properties of undefined (reading 'bind')
TypeError: Cannot read properties of undefined (reading 'bind')
    at WebinarController.handleAsyncErrors (C:\Users\AdminIT\Downloads\lms-api (1)\server\lib\base.controller.js:12:32)
    at WebinarController.registerRoutes (C:\Users\AdminIT\Downloads\lms-api (1)\server\resources\webinars\webinar.controller.js:15:18)
    at new WebinarController (C:\Users\AdminIT\Downloads\lms-api (1)\server\resources\webinars\webinar.controller.js:10:14)
    at exports.registerAPIRoutes (C:\Users\AdminIT\Downloads\lms-api (1)\server\resources\routes.js:26:3)
    at module.exports (C:\Users\AdminIT\Downloads\lms-api (1)\server\routes.js:6:3)
    at Object.<anonymous> (C:\Users\AdminIT\Downloads\lms-api (1)\server\index.js:7:20)
    at Module._compile (node:internal/modules/cjs/loader:1105:14)
    at Object.Module._extensions..js (node:internal/modules/cjs/loader:1159:10)
    at Module.load (node:internal/modules/cjs/loader:981:32)
    at Function.Module._load (node:internal/modules/cjs/loader:822:12)
    at Module.require (node:internal/modules/cjs/loader:1005:19)
    at require (node:internal/modules/cjs/helpers:102:18)
    at Object.<anonymous> (C:\Users\AdminIT\Downloads\lms-api (1)\index.js:13:13)
    at Module._compile (node:internal/modules/cjs/loader:1105:14)
    at Object.Module._extensions..js (node:internal/modules/cjs/loader:1159:10)
    at Module.load (node:internal/modules/cjs/loader:981:32)
03-06-2022 02:55:38 ERROR: uncaughtException: Cannot read properties of undefined (reading 'bind')
TypeError: Cannot read properties of undefined (reading 'bind')
    at WebinarController.handleAsyncErrors (C:\Users\AdminIT\Downloads\lms-api (1)\server\lib\base.controller.js:12:32)
    at WebinarController.registerRoutes (C:\Users\AdminIT\Downloads\lms-api (1)\server\resources\webinars\webinar.controller.js:15:18)
    at new WebinarController (C:\Users\AdminIT\Downloads\lms-api (1)\server\resources\webinars\webinar.controller.js:10:14)
    at exports.registerAPIRoutes (C:\Users\AdminIT\Downloads\lms-api (1)\server\resources\routes.js:26:3)
    at module.exports (C:\Users\AdminIT\Downloads\lms-api (1)\server\routes.js:6:3)
    at Object.<anonymous> (C:\Users\AdminIT\Downloads\lms-api (1)\server\index.js:7:20)
    at Module._compile (node:internal/modules/cjs/loader:1105:14)
    at Object.Module._extensions..js (node:internal/modules/cjs/loader:1159:10)
    at Module.load (node:internal/modules/cjs/loader:981:32)
    at Function.Module._load (node:internal/modules/cjs/loader:822:12)
    at Module.require (node:internal/modules/cjs/loader:1005:19)
    at require (node:internal/modules/cjs/helpers:102:18)
    at Object.<anonymous> (C:\Users\AdminIT\Downloads\lms-api (1)\index.js:13:13)
    at Module._compile (node:internal/modules/cjs/loader:1105:14)
    at Object.Module._extensions..js (node:internal/modules/cjs/loader:1159:10)
    at Module.load (node:internal/modules/cjs/loader:981:32)
03-06-2022 02:59:27 ERROR: uncaughtException: Cannot read properties of undefined (reading 'bind')
TypeError: Cannot read properties of undefined (reading 'bind')
    at WebinarController.handleAsyncErrors (C:\Users\AdminIT\Downloads\lms-api (1)\server\lib\base.controller.js:12:32)
    at WebinarController.registerRoutes (C:\Users\AdminIT\Downloads\lms-api (1)\server\resources\webinars\webinar.controller.js:15:18)
    at new WebinarController (C:\Users\AdminIT\Downloads\lms-api (1)\server\resources\webinars\webinar.controller.js:10:14)
    at exports.registerAPIRoutes (C:\Users\AdminIT\Downloads\lms-api (1)\server\resources\routes.js:26:3)
    at module.exports (C:\Users\AdminIT\Downloads\lms-api (1)\server\routes.js:6:3)
    at Object.<anonymous> (C:\Users\AdminIT\Downloads\lms-api (1)\server\index.js:7:20)
    at Module._compile (node:internal/modules/cjs/loader:1105:14)
    at Object.Module._extensions..js (node:internal/modules/cjs/loader:1159:10)
    at Module.load (node:internal/modules/cjs/loader:981:32)
    at Function.Module._load (node:internal/modules/cjs/loader:822:12)
    at Module.require (node:internal/modules/cjs/loader:1005:19)
    at require (node:internal/modules/cjs/helpers:102:18)
    at Object.<anonymous> (C:\Users\AdminIT\Downloads\lms-api (1)\index.js:13:13)
    at Module._compile (node:internal/modules/cjs/loader:1105:14)
    at Object.Module._extensions..js (node:internal/modules/cjs/loader:1159:10)
    at Module.load (node:internal/modules/cjs/loader:981:32)
03-06-2022 02:59:52 ERROR: uncaughtException: Cannot read properties of undefined (reading 'bind')
TypeError: Cannot read properties of undefined (reading 'bind')
    at WebinarController.handleAsyncErrors (C:\Users\AdminIT\Downloads\lms-api (1)\server\lib\base.controller.js:12:32)
    at WebinarController.registerRoutes (C:\Users\AdminIT\Downloads\lms-api (1)\server\resources\webinars\webinar.controller.js:23:18)
    at new WebinarController (C:\Users\AdminIT\Downloads\lms-api (1)\server\resources\webinars\webinar.controller.js:10:14)
    at exports.registerAPIRoutes (C:\Users\AdminIT\Downloads\lms-api (1)\server\resources\routes.js:26:3)
    at module.exports (C:\Users\AdminIT\Downloads\lms-api (1)\server\routes.js:6:3)
    at Object.<anonymous> (C:\Users\AdminIT\Downloads\lms-api (1)\server\index.js:7:20)
    at Module._compile (node:internal/modules/cjs/loader:1105:14)
    at Object.Module._extensions..js (node:internal/modules/cjs/loader:1159:10)
    at Module.load (node:internal/modules/cjs/loader:981:32)
    at Function.Module._load (node:internal/modules/cjs/loader:822:12)
    at Module.require (node:internal/modules/cjs/loader:1005:19)
    at require (node:internal/modules/cjs/helpers:102:18)
    at Object.<anonymous> (C:\Users\AdminIT\Downloads\lms-api (1)\index.js:13:13)
    at Module._compile (node:internal/modules/cjs/loader:1105:14)
    at Object.Module._extensions..js (node:internal/modules/cjs/loader:1159:10)
    at Module.load (node:internal/modules/cjs/loader:981:32)
03-06-2022 03:57:43 ERROR: uncaughtException: Unexpected identifier
C:\Users\AdminIT\Downloads\lms-api (1)\server\resources\webinars\webinar.controller.js:6
cosy moment = require("moment")
     ^^^^^^

SyntaxError: Unexpected identifier
    at Object.compileFunction (node:vm:352:18)
    at wrapSafe (node:internal/modules/cjs/loader:1033:15)
    at Module._compile (node:internal/modules/cjs/loader:1069:27)
    at Object.Module._extensions..js (node:internal/modules/cjs/loader:1159:10)
    at Module.load (node:internal/modules/cjs/loader:981:32)
    at Function.Module._load (node:internal/modules/cjs/loader:822:12)
    at Module.require (node:internal/modules/cjs/loader:1005:19)
    at require (node:internal/modules/cjs/helpers:102:18)
    at Object.<anonymous> (C:\Users\AdminIT\Downloads\lms-api (1)\server\resources\routes.js:12:27)
    at Module._compile (node:internal/modules/cjs/loader:1105:14)
    at Object.Module._extensions..js (node:internal/modules/cjs/loader:1159:10)
    at Module.load (node:internal/modules/cjs/loader:981:32)
    at Function.Module._load (node:internal/modules/cjs/loader:822:12)
    at Module.require (node:internal/modules/cjs/loader:1005:19)
    at require (node:internal/modules/cjs/helpers:102:18)
    at Object.<anonymous> (C:\Users\AdminIT\Downloads\lms-api (1)\server\routes.js:3:29)
03-06-2022 04:45:4 ERROR: uncaughtException: Cannot read properties of undefined (reading 'bind')
TypeError: Cannot read properties of undefined (reading 'bind')
    at WebinarController.handleAsyncErrors (C:\Users\AdminIT\Downloads\lms-api (1)\server\lib\base.controller.js:12:32)
    at WebinarController.registerRoutes (C:\Users\AdminIT\Downloads\lms-api (1)\server\resources\webinars\webinar.controller.js:15:18)
    at new WebinarController (C:\Users\AdminIT\Downloads\lms-api (1)\server\resources\webinars\webinar.controller.js:10:14)
    at exports.registerAPIRoutes (C:\Users\AdminIT\Downloads\lms-api (1)\server\resources\routes.js:26:3)
    at module.exports (C:\Users\AdminIT\Downloads\lms-api (1)\server\routes.js:6:3)
    at Object.<anonymous> (C:\Users\AdminIT\Downloads\lms-api (1)\server\index.js:7:20)
    at Module._compile (node:internal/modules/cjs/loader:1105:14)
    at Object.Module._extensions..js (node:internal/modules/cjs/loader:1159:10)
    at Module.load (node:internal/modules/cjs/loader:981:32)
    at Function.Module._load (node:internal/modules/cjs/loader:822:12)
    at Module.require (node:internal/modules/cjs/loader:1005:19)
    at require (node:internal/modules/cjs/helpers:102:18)
    at Object.<anonymous> (C:\Users\AdminIT\Downloads\lms-api (1)\index.js:13:13)
    at Module._compile (node:internal/modules/cjs/loader:1105:14)
    at Object.Module._extensions..js (node:internal/modules/cjs/loader:1159:10)
    at Module.load (node:internal/modules/cjs/loader:981:32)
03-06-2022 04:48:29 ERROR: uncaughtException: this.handleAsyncErrors is not a function
TypeError: this.handleAsyncErrors is not a function
    at CmsUserController.registerRoutes (C:\Users\AdminIT\Downloads\lms-api (1)\server\resources\cms\cmsUser.controller.js:19:12)
    at new CmsUserController (C:\Users\AdminIT\Downloads\lms-api (1)\server\resources\cms\cmsUser.controller.js:14:10)
    at exports.registerAPIRoutes (C:\Users\AdminIT\Downloads\lms-api (1)\server\resources\routes.js:19:3)
    at module.exports (C:\Users\AdminIT\Downloads\lms-api (1)\server\routes.js:6:3)
    at Object.<anonymous> (C:\Users\AdminIT\Downloads\lms-api (1)\server\index.js:7:20)
    at Module._compile (node:internal/modules/cjs/loader:1105:14)
    at Object.Module._extensions..js (node:internal/modules/cjs/loader:1159:10)
    at Module.load (node:internal/modules/cjs/loader:981:32)
    at Function.Module._load (node:internal/modules/cjs/loader:822:12)
    at Module.require (node:internal/modules/cjs/loader:1005:19)
    at require (node:internal/modules/cjs/helpers:102:18)
    at Object.<anonymous> (C:\Users\AdminIT\Downloads\lms-api (1)\index.js:13:13)
    at Module._compile (node:internal/modules/cjs/loader:1105:14)
    at Object.Module._extensions..js (node:internal/modules/cjs/loader:1159:10)
    at Module.load (node:internal/modules/cjs/loader:981:32)
    at Function.Module._load (node:internal/modules/cjs/loader:822:12)
03-06-2022 04:48:51 ERROR: uncaughtException: Cannot read properties of undefined (reading 'bind')
TypeError: Cannot read properties of undefined (reading 'bind')
    at WebinarController.handleAsyncErrors (C:\Users\AdminIT\Downloads\lms-api (1)\server\lib\base.controller.js:12:32)
    at WebinarController.registerRoutes (C:\Users\AdminIT\Downloads\lms-api (1)\server\resources\webinars\webinar.controller.js:15:18)
    at new WebinarController (C:\Users\AdminIT\Downloads\lms-api (1)\server\resources\webinars\webinar.controller.js:10:14)
    at exports.registerAPIRoutes (C:\Users\AdminIT\Downloads\lms-api (1)\server\resources\routes.js:26:3)
    at module.exports (C:\Users\AdminIT\Downloads\lms-api (1)\server\routes.js:6:3)
    at Object.<anonymous> (C:\Users\AdminIT\Downloads\lms-api (1)\server\index.js:7:20)
    at Module._compile (node:internal/modules/cjs/loader:1105:14)
    at Object.Module._extensions..js (node:internal/modules/cjs/loader:1159:10)
    at Module.load (node:internal/modules/cjs/loader:981:32)
    at Function.Module._load (node:internal/modules/cjs/loader:822:12)
    at Module.require (node:internal/modules/cjs/loader:1005:19)
    at require (node:internal/modules/cjs/helpers:102:18)
    at Object.<anonymous> (C:\Users\AdminIT\Downloads\lms-api (1)\index.js:13:13)
    at Module._compile (node:internal/modules/cjs/loader:1105:14)
    at Object.Module._extensions..js (node:internal/modules/cjs/loader:1159:10)
    at Module.load (node:internal/modules/cjs/loader:981:32)
03-06-2022 04:56:0 ERROR: uncaughtException: Cannot read properties of undefined (reading 'bind')
TypeError: Cannot read properties of undefined (reading 'bind')
    at WebinarController.handleAsyncErrors (C:\Users\AdminIT\Downloads\lms-api (1)\server\lib\base.controller.js:12:32)
    at WebinarController.registerRoutes (C:\Users\AdminIT\Downloads\lms-api (1)\server\resources\webinars\webinar.controller.js:15:18)
    at new WebinarController (C:\Users\AdminIT\Downloads\lms-api (1)\server\resources\webinars\webinar.controller.js:10:14)
    at exports.registerAPIRoutes (C:\Users\AdminIT\Downloads\lms-api (1)\server\resources\routes.js:26:3)
    at module.exports (C:\Users\AdminIT\Downloads\lms-api (1)\server\routes.js:6:3)
    at Object.<anonymous> (C:\Users\AdminIT\Downloads\lms-api (1)\server\index.js:7:20)
    at Module._compile (node:internal/modules/cjs/loader:1105:14)
    at Object.Module._extensions..js (node:internal/modules/cjs/loader:1159:10)
    at Module.load (node:internal/modules/cjs/loader:981:32)
    at Function.Module._load (node:internal/modules/cjs/loader:822:12)
    at Module.require (node:internal/modules/cjs/loader:1005:19)
    at require (node:internal/modules/cjs/helpers:102:18)
    at Object.<anonymous> (C:\Users\AdminIT\Downloads\lms-api (1)\index.js:13:13)
    at Module._compile (node:internal/modules/cjs/loader:1105:14)
    at Object.Module._extensions..js (node:internal/modules/cjs/loader:1159:10)
    at Module.load (node:internal/modules/cjs/loader:981:32)
03-06-2022 05:19:58 ERROR: uncaughtException: failed to connect to server [undefined:27017] on first connect [Error: getaddrinfo ENOTFOUND undefined
    at GetAddrInfoReqWrap.onlookup [as oncomplete] (node:dns:71:26) {
  name: 'MongoError'
}]
MongoError: failed to connect to server [undefined:27017] on first connect [Error: getaddrinfo ENOTFOUND undefined
    at GetAddrInfoReqWrap.onlookup [as oncomplete] (node:dns:71:26) {
  name: 'MongoError'
}]
    at Pool.<anonymous> (C:\Users\AdminIT\Downloads\lms-api (1)\node_modules\mongodb-core\lib\topologies\server.js:336:35)
    at Pool.emit (node:events:527:28)
    at Pool.emit (node:domain:475:12)
    at Connection.<anonymous> (C:\Users\AdminIT\Downloads\lms-api (1)\node_modules\mongodb-core\lib\connection\pool.js:280:12)
    at Object.onceWrapper (node:events:642:26)
    at Connection.emit (node:events:527:28)
    at Connection.emit (node:domain:475:12)
    at Socket.<anonymous> (C:\Users\AdminIT\Downloads\lms-api (1)\node_modules\mongodb-core\lib\connection\connection.js:189:49)
    at Object.onceWrapper (node:events:642:26)
    at Socket.emit (node:events:527:28)
    at Socket.emit (node:domain:475:12)
    at emitErrorNT (node:internal/streams/destroy:157:8)
    at emitErrorCloseNT (node:internal/streams/destroy:122:3)
    at processTicksAndRejections (node:internal/process/task_queues:83:21)
